  Maze game type 2.cpp
C:\Users\jacks\source\repos\Maze game type 2\Maze game type 2\Maze game type 2.cpp(189,22): warning C4129: ' ': unrecognized character escape sequence
C:\Users\jacks\source\repos\Maze game type 2\Maze game type 2\Maze game type 2.cpp(190,22): warning C4129: ' ': unrecognized character escape sequence
C:\Users\jacks\source\repos\Maze game type 2\Maze game type 2\Maze game type 2.cpp(190,22): warning C4129: '/': unrecognized character escape sequence
C:\Users\jacks\source\repos\Maze game type 2\Maze game type 2\Maze game type 2.cpp(190,22): warning C4129: ']': unrecognized character escape sequence
C:\Users\jacks\source\repos\Maze game type 2\Maze game type 2\Maze game type 2.cpp(190,22): warning C4129: '[': unrecognized character escape sequence
C:\Users\jacks\source\repos\Maze game type 2\Maze game type 2\Maze game type 2.cpp(191,22): warning C4129: ' ': unrecognized character escape sequence
C:\Users\jacks\source\repos\Maze game type 2\Maze game type 2\Maze game type 2.cpp(191,22): warning C4129: '_': unrecognized character escape sequence
C:\Users\jacks\source\repos\Maze game type 2\Maze game type 2\Maze game type 2.cpp(192,22): warning C4129: '/': unrecognized character escape sequence
C:\Users\jacks\source\repos\Maze game type 2\Maze game type 2\Maze game type 2.cpp(197,22): warning C4129: '_': unrecognized character escape sequence
C:\Users\jacks\source\repos\Maze game type 2\Maze game type 2\Maze game type 2.cpp(197,22): warning C4129: ' ': unrecognized character escape sequence
C:\Users\jacks\source\repos\Maze game type 2\Maze game type 2\Maze game type 2.cpp(198,22): warning C4129: ' ': unrecognized character escape sequence
C:\Users\jacks\source\repos\Maze game type 2\Maze game type 2\Maze game type 2.cpp(199,22): warning C4129: ' ': unrecognized character escape sequence
C:\Users\jacks\source\repos\Maze game type 2\Maze game type 2\Maze game type 2.cpp(199,22): warning C4129: '/': unrecognized character escape sequence
C:\Users\jacks\source\repos\Maze game type 2\Maze game type 2\Maze game type 2.cpp(200,22): warning C4129: '_': unrecognized character escape sequence
C:\Users\jacks\source\repos\Maze game type 2\Maze game type 2\Maze game type 2.cpp(204,22): warning C4129: ' ': unrecognized character escape sequence
C:\Users\jacks\source\repos\Maze game type 2\Maze game type 2\Maze game type 2.cpp(205,22): warning C4129: ' ': unrecognized character escape sequence
C:\Users\jacks\source\repos\Maze game type 2\Maze game type 2\Maze game type 2.cpp(206,22): warning C4129: ' ': unrecognized character escape sequence
C:\Users\jacks\source\repos\Maze game type 2\Maze game type 2\Maze game type 2.cpp(206,22): warning C4129: ']': unrecognized character escape sequence
C:\Users\jacks\source\repos\Maze game type 2\Maze game type 2\Maze game type 2.cpp(207,22): warning C4129: ' ': unrecognized character escape sequence
C:\Users\jacks\source\repos\Maze game type 2\Maze game type 2\Maze game type 2.cpp(207,22): warning C4129: '_': unrecognized character escape sequence
C:\Users\jacks\source\repos\Maze game type 2\Maze game type 2\Maze game type 2.cpp(212,22): warning C4129: ' ': unrecognized character escape sequence
C:\Users\jacks\source\repos\Maze game type 2\Maze game type 2\Maze game type 2.cpp(213,22): warning C4129: ' ': unrecognized character escape sequence
C:\Users\jacks\source\repos\Maze game type 2\Maze game type 2\Maze game type 2.cpp(213,22): warning C4129: '_': unrecognized character escape sequence
C:\Users\jacks\source\repos\Maze game type 2\Maze game type 2\Maze game type 2.cpp(214,22): warning C4129: ']': unrecognized character escape sequence
C:\Users\jacks\source\repos\Maze game type 2\Maze game type 2\Maze game type 2.cpp(215,22): warning C4129: ' ': unrecognized character escape sequence
C:\Users\jacks\source\repos\Maze game type 2\Maze game type 2\Maze game type 2.cpp(221,22): warning C4129: ' ': unrecognized character escape sequence
C:\Users\jacks\source\repos\Maze game type 2\Maze game type 2\Maze game type 2.cpp(222,22): warning C4129: ' ': unrecognized character escape sequence
C:\Users\jacks\source\repos\Maze game type 2\Maze game type 2\Maze game type 2.cpp(222,22): warning C4129: '/': unrecognized character escape sequence
C:\Users\jacks\source\repos\Maze game type 2\Maze game type 2\Maze game type 2.cpp(222,22): warning C4129: '[': unrecognized character escape sequence
C:\Users\jacks\source\repos\Maze game type 2\Maze game type 2\Maze game type 2.cpp(223,22): warning C4129: '_': unrecognized character escape sequence
C:\Users\jacks\source\repos\Maze game type 2\Maze game type 2\Maze game type 2.cpp(230,22): warning C4129: ' ': unrecognized character escape sequence
C:\Users\jacks\source\repos\Maze game type 2\Maze game type 2\Maze game type 2.cpp(231,22): warning C4129: ' ': unrecognized character escape sequence
C:\Users\jacks\source\repos\Maze game type 2\Maze game type 2\Maze game type 2.cpp(231,22): warning C4129: '_': unrecognized character escape sequence
C:\Users\jacks\source\repos\Maze game type 2\Maze game type 2\Maze game type 2.cpp(232,22): warning C4129: '_': unrecognized character escape sequence
C:\Users\jacks\source\repos\Maze game type 2\Maze game type 2\Maze game type 2.cpp(233,22): warning C4129: '_': unrecognized character escape sequence
C:\Users\jacks\source\repos\Maze game type 2\Maze game type 2\Maze game type 2.cpp(237,22): warning C4129: ' ': unrecognized character escape sequence
C:\Users\jacks\source\repos\Maze game type 2\Maze game type 2\Maze game type 2.cpp(239,22): warning C4129: ' ': unrecognized character escape sequence
C:\Users\jacks\source\repos\Maze game type 2\Maze game type 2\Maze game type 2.cpp(240,22): warning C4129: ' ': unrecognized character escape sequence
C:\Users\jacks\source\repos\Maze game type 2\Maze game type 2\Maze game type 2.cpp(240,22): warning C4129: '_': unrecognized character escape sequence
C:\Users\jacks\source\repos\Maze game type 2\Maze game type 2\Maze game type 2.cpp(241,22): warning C4129: '_': unrecognized character escape sequence
C:\Users\jacks\source\repos\Maze game type 2\Maze game type 2\Maze game type 2.cpp(242,22): warning C4129: '_': unrecognized character escape sequence
C:\Users\jacks\source\repos\Maze game type 2\Maze game type 2\Maze game type 2.cpp(246,22): warning C4129: ' ': unrecognized character escape sequence
C:\Users\jacks\source\repos\Maze game type 2\Maze game type 2\Maze game type 2.cpp(247,22): warning C4129: ' ': unrecognized character escape sequence
C:\Users\jacks\source\repos\Maze game type 2\Maze game type 2\Maze game type 2.cpp(248,22): warning C4129: ']': unrecognized character escape sequence
C:\Users\jacks\source\repos\Maze game type 2\Maze game type 2\Maze game type 2.cpp(248,22): warning C4129: ' ': unrecognized character escape sequence
C:\Users\jacks\source\repos\Maze game type 2\Maze game type 2\Maze game type 2.cpp(249,22): warning C4129: '_': unrecognized character escape sequence
C:\Users\jacks\source\repos\Maze game type 2\Maze game type 2\Maze game type 2.cpp(249,22): warning C4129: ' ': unrecognized character escape sequence
C:\Users\jacks\source\repos\Maze game type 2\Maze game type 2\Maze game type 2.cpp(250,22): warning C4129: '_': unrecognized character escape sequence
C:\Users\jacks\source\repos\Maze game type 2\Maze game type 2\Maze game type 2.cpp(251,22): warning C4129: '_': unrecognized character escape sequence
C:\Users\jacks\source\repos\Maze game type 2\Maze game type 2\Maze game type 2.cpp(255,22): warning C4129: ' ': unrecognized character escape sequence
C:\Users\jacks\source\repos\Maze game type 2\Maze game type 2\Maze game type 2.cpp(256,22): warning C4129: ' ': unrecognized character escape sequence
C:\Users\jacks\source\repos\Maze game type 2\Maze game type 2\Maze game type 2.cpp(257,22): warning C4129: ']': unrecognized character escape sequence
C:\Users\jacks\source\repos\Maze game type 2\Maze game type 2\Maze game type 2.cpp(257,22): warning C4129: ' ': unrecognized character escape sequence
C:\Users\jacks\source\repos\Maze game type 2\Maze game type 2\Maze game type 2.cpp(258,22): warning C4129: '_': unrecognized character escape sequence
C:\Users\jacks\source\repos\Maze game type 2\Maze game type 2\Maze game type 2.cpp(258,22): warning C4129: ' ': unrecognized character escape sequence
C:\Users\jacks\source\repos\Maze game type 2\Maze game type 2\Maze game type 2.cpp(259,22): warning C4129: '_': unrecognized character escape sequence
C:\Users\jacks\source\repos\Maze game type 2\Maze game type 2\Maze game type 2.cpp(260,22): warning C4129: '_': unrecognized character escape sequence
C:\Users\jacks\source\repos\Maze game type 2\Maze game type 2\Maze game type 2.cpp(264,22): warning C4129: ' ': unrecognized character escape sequence
C:\Users\jacks\source\repos\Maze game type 2\Maze game type 2\Maze game type 2.cpp(265,22): warning C4129: '/': unrecognized character escape sequence
C:\Users\jacks\source\repos\Maze game type 2\Maze game type 2\Maze game type 2.cpp(266,22): warning C4129: ' ': unrecognized character escape sequence
C:\Users\jacks\source\repos\Maze game type 2\Maze game type 2\Maze game type 2.cpp(266,22): warning C4129: ']': unrecognized character escape sequence
C:\Users\jacks\source\repos\Maze game type 2\Maze game type 2\Maze game type 2.cpp(267,22): warning C4129: '/': unrecognized character escape sequence
C:\Users\jacks\source\repos\Maze game type 2\Maze game type 2\Maze game type 2.cpp(267,22): warning C4129: '_': unrecognized character escape sequence
C:\Users\jacks\source\repos\Maze game type 2\Maze game type 2\Maze game type 2.cpp(267,22): warning C4129: ' ': unrecognized character escape sequence
C:\Users\jacks\source\repos\Maze game type 2\Maze game type 2\Maze game type 2.cpp(272,22): warning C4129: ' ': unrecognized character escape sequence
C:\Users\jacks\source\repos\Maze game type 2\Maze game type 2\Maze game type 2.cpp(272,22): warning C4129: '|': unrecognized character escape sequence
C:\Users\jacks\source\repos\Maze game type 2\Maze game type 2\Maze game type 2.cpp(273,22): warning C4129: '/': unrecognized character escape sequence
C:\Users\jacks\source\repos\Maze game type 2\Maze game type 2\Maze game type 2.cpp(273,22): warning C4129: ' ': unrecognized character escape sequence
C:\Users\jacks\source\repos\Maze game type 2\Maze game type 2\Maze game type 2.cpp(273,22): warning C4129: '_': unrecognized character escape sequence
C:\Users\jacks\source\repos\Maze game type 2\Maze game type 2\Maze game type 2.cpp(274,22): warning C4129: ' ': unrecognized character escape sequence
C:\Users\jacks\source\repos\Maze game type 2\Maze game type 2\Maze game type 2.cpp(274,22): warning C4129: '|': unrecognized character escape sequence
C:\Users\jacks\source\repos\Maze game type 2\Maze game type 2\Maze game type 2.cpp(274,22): warning C4129: ']': unrecognized character escape sequence
C:\Users\jacks\source\repos\Maze game type 2\Maze game type 2\Maze game type 2.cpp(275,22): warning C4129: '/': unrecognized character escape sequence
C:\Users\jacks\source\repos\Maze game type 2\Maze game type 2\Maze game type 2.cpp(275,22): warning C4129: ' ': unrecognized character escape sequence
C:\Users\jacks\source\repos\Maze game type 2\Maze game type 2\Maze game type 2.cpp(275,22): warning C4129: '_': unrecognized character escape sequence
C:\Users\jacks\source\repos\Maze game type 2\Maze game type 2\Maze game type 2.cpp(276,22): warning C4129: '_': unrecognized character escape sequence
C:\Users\jacks\source\repos\Maze game type 2\Maze game type 2\Maze game type 2.cpp(282,22): warning C4129: ' ': unrecognized character escape sequence
C:\Users\jacks\source\repos\Maze game type 2\Maze game type 2\Maze game type 2.cpp(282,22): warning C4129: '`': unrecognized character escape sequence
C:\Users\jacks\source\repos\Maze game type 2\Maze game type 2\Maze game type 2.cpp(282,22): warning C4129: ';': unrecognized character escape sequence
C:\Users\jacks\source\repos\Maze game type 2\Maze game type 2\Maze game type 2.cpp(283,22): warning C4129: '_': unrecognized character escape sequence
C:\Users\jacks\source\repos\Maze game type 2\Maze game type 2\Maze game type 2.cpp(283,22): warning C4129: ' ': unrecognized character escape sequence
C:\Users\jacks\source\repos\Maze game type 2\Maze game type 2\Maze game type 2.cpp(283,22): warning C4129: '.': unrecognized character escape sequence
C:\Users\jacks\source\repos\Maze game type 2\Maze game type 2\Maze game type 2.cpp(289,22): warning C4129: ' ': unrecognized character escape sequence
C:\Users\jacks\source\repos\Maze game type 2\Maze game type 2\Maze game type 2.cpp(289,22): warning C4129: '|': unrecognized character escape sequence
C:\Users\jacks\source\repos\Maze game type 2\Maze game type 2\Maze game type 2.cpp(290,22): warning C4129: ' ': unrecognized character escape sequence
C:\Users\jacks\source\repos\Maze game type 2\Maze game type 2\Maze game type 2.cpp(290,22): warning C4129: '_': unrecognized character escape sequence
C:\Users\jacks\source\repos\Maze game type 2\Maze game type 2\Maze game type 2.cpp(291,22): warning C4129: ' ': unrecognized character escape sequence
C:\Users\jacks\source\repos\Maze game type 2\Maze game type 2\Maze game type 2.cpp(291,22): warning C4129: '|': unrecognized character escape sequence
C:\Users\jacks\source\repos\Maze game type 2\Maze game type 2\Maze game type 2.cpp(292,22): warning C4129: ' ': unrecognized character escape sequence
C:\Users\jacks\source\repos\Maze game type 2\Maze game type 2\Maze game type 2.cpp(292,22): warning C4129: '|': unrecognized character escape sequence
C:\Users\jacks\source\repos\Maze game type 2\Maze game type 2\Maze game type 2.cpp(292,22): warning C4129: '_': unrecognized character escape sequence
C:\Users\jacks\source\repos\Maze game type 2\Maze game type 2\Maze game type 2.cpp(293,22): warning C4129: '_': unrecognized character escape sequence
C:\Users\jacks\source\repos\Maze game type 2\Maze game type 2\Maze game type 2.cpp(297,22): warning C4129: ' ': unrecognized character escape sequence
C:\Users\jacks\source\repos\Maze game type 2\Maze game type 2\Maze game type 2.cpp(297,22): warning C4129: '|': unrecognized character escape sequence
C:\Users\jacks\source\repos\Maze game type 2\Maze game type 2\Maze game type 2.cpp(298,22): warning C4129: ' ': unrecognized character escape sequence
C:\Users\jacks\source\repos\Maze game type 2\Maze game type 2\Maze game type 2.cpp(298,22): warning C4129: '_': unrecognized character escape sequence
C:\Users\jacks\source\repos\Maze game type 2\Maze game type 2\Maze game type 2.cpp(299,22): warning C4129: ' ': unrecognized character escape sequence
C:\Users\jacks\source\repos\Maze game type 2\Maze game type 2\Maze game type 2.cpp(299,22): warning C4129: '|': unrecognized character escape sequence
C:\Users\jacks\source\repos\Maze game type 2\Maze game type 2\Maze game type 2.cpp(300,22): warning C4129: ' ': unrecognized character escape sequence
C:\Users\jacks\source\repos\Maze game type 2\Maze game type 2\Maze game type 2.cpp(300,22): warning C4129: '|': unrecognized character escape sequence
C:\Users\jacks\source\repos\Maze game type 2\Maze game type 2\Maze game type 2.cpp(300,22): warning C4129: '_': unrecognized character escape sequence
C:\Users\jacks\source\repos\Maze game type 2\Maze game type 2\Maze game type 2.cpp(301,22): warning C4129: '_': unrecognized character escape sequence
C:\Users\jacks\source\repos\Maze game type 2\Maze game type 2\Maze game type 2.cpp(312,19): warning C4244: 'argument': conversion from 'time_t' to 'unsigned int', possible loss of data
C:\Users\jacks\source\repos\Maze game type 2\Maze game type 2\Maze game type 2.cpp(435,21): warning C4129: ' ': unrecognized character escape sequence
C:\Users\jacks\source\repos\Maze game type 2\Maze game type 2\Maze game type 2.cpp(435,21): warning C4129: '/': unrecognized character escape sequence
C:\Users\jacks\source\repos\Maze game type 2\Maze game type 2\Maze game type 2.cpp(436,21): warning C4129: ' ': unrecognized character escape sequence
C:\Users\jacks\source\repos\Maze game type 2\Maze game type 2\Maze game type 2.cpp(436,21): warning C4129: '/': unrecognized character escape sequence
C:\Users\jacks\source\repos\Maze game type 2\Maze game type 2\Maze game type 2.cpp(437,21): warning C4129: ' ': unrecognized character escape sequence
C:\Users\jacks\source\repos\Maze game type 2\Maze game type 2\Maze game type 2.cpp(437,21): warning C4129: '/': unrecognized character escape sequence
C:\Users\jacks\source\repos\Maze game type 2\Maze game type 2\Maze game type 2.cpp(438,21): warning C4129: ' ': unrecognized character escape sequence
C:\Users\jacks\source\repos\Maze game type 2\Maze game type 2\Maze game type 2.cpp(438,21): warning C4129: '-': unrecognized character escape sequence
C:\Users\jacks\source\repos\Maze game type 2\Maze game type 2\Maze game type 2.cpp(439,21): warning C4129: '_': unrecognized character escape sequence
C:\Users\jacks\source\repos\Maze game type 2\Maze game type 2\Maze game type 2.cpp(439,21): warning C4129: ' ': unrecognized character escape sequence
C:\Users\jacks\source\repos\Maze game type 2\Maze game type 2\Maze game type 2.cpp(173,9): warning C4101: 'movement': unreferenced local variable
C:\Users\jacks\source\repos\Maze game type 2\Maze game type 2\Maze game type 2.cpp(449): error C4700: uninitialized local variable 'movement' used
